#
# There is insufficient memory for the Java Runtime Environment to continue.
# Native memory allocation (malloc) failed to allocate 32744 bytes for ChunkPool::allocate
# Possible reasons:
#   The system is out of physical RAM or swap space
#   The process is running with CompressedOops enabled, and the Java Heap may be blocking the growth of the native heap
# Possible solutions:
#   Reduce memory load on the system
#   Increase physical memory or swap space
#   Check if swap backing store is full
#   Decrease Java heap size (-Xmx/-Xms)
#   Decrease number of Java threads
#   Decrease Java thread stack sizes (-Xss)
#   Set larger code cache with -XX:ReservedCodeCacheSize=
#   JVM is running with Unscaled Compressed Oops mode in which the Java heap is
#     placed in the first 4GB address space. The Java Heap base address is the
#     maximum limit for the native heap growth. Please use -XX:HeapBaseMinAddress
#     to set the Java Heap base and to place the Java Heap above 4GB virtual address.
# This output file may be truncated or incomplete.
#
#  Out of Memory Error (allocation.cpp:273), pid=28024, tid=0x0000000000007014
#
# JRE version: Java(TM) SE Runtime Environment (8.0_201-b09) (build 1.8.0_201-b09)
# Java VM: Java HotSpot(TM) 64-Bit Server VM (25.201-b09 mixed mode windows-amd64 compressed oops)
# Failed to write core dump. Minidumps are not enabled by default on client versions of Windows
#

---------------  T H R E A D  ---------------

Current thread (0x000000001799b800):  JavaThread "C2 CompilerThread1" daemon [_thread_in_native, id=28692, stack(0x00000000193d0000,0x00000000194d0000)]

Stack: [0x00000000193d0000,0x00000000194d0000]
[error occurred during error reporting (printing stack bounds), id 0xc0000005]

Native frames: (J=compiled Java code, j=interpreted, Vv=VM code, C=native code)


Current CompileTask:
C2:  10732 3414       4       org.springframework.core.annotation.AnnotationUtils::adaptValue (182 bytes)


---------------  P R O C E S S  ---------------

Java Threads: ( => current thread )
  0x0000000002d5e000 JavaThread "DestroyJavaVM" [_thread_blocked, id=30400, stack(0x0000000002c50000,0x0000000002d50000)]
  0x00000000179de800 JavaThread "Service Thread" daemon [_thread_blocked, id=29168, stack(0x00000000195d0000,0x00000000196d0000)]
  0x00000000179a3800 JavaThread "C1 CompilerThread2" daemon [_thread_blocked, id=9996, stack(0x00000000194d0000,0x00000000195d0000)]
=>0x000000001799b800 JavaThread "C2 CompilerThread1" daemon [_thread_in_native, id=28692, stack(0x00000000193d0000,0x00000000194d0000)]
  0x0000000017999800 JavaThread "C2 CompilerThread0" daemon [_thread_in_native, id=28260, stack(0x00000000192d0000,0x00000000193d0000)]
  0x0000000018d12800 JavaThread "Attach Listener" daemon [_thread_blocked, id=28820, stack(0x00000000191d0000,0x00000000192d0000)]
  0x0000000017979800 JavaThread "Signal Dispatcher" daemon [_thread_blocked, id=30416, stack(0x00000000190d0000,0x00000000191d0000)]
  0x0000000002e5d000 JavaThread "Finalizer" daemon [_thread_blocked, id=14716, stack(0x0000000018bd0000,0x0000000018cd0000)]
  0x0000000002e52000 JavaThread "Reference Handler" daemon [_thread_blocked, id=10148, stack(0x0000000018ad0000,0x0000000018bd0000)]

Other Threads:
  0x0000000017947000 VMThread [stack: 0x00000000189d0000,0x0000000018ad0000] [id=23352]
  0x0000000018d78000 WatcherThread [stack: 0x00000000196d0000,0x00000000197d0000] [id=29012]

VM state:not at safepoint (normal execution)

VM Mutex/Monitor currently owned by a thread: None

OutOfMemory and StackOverflow Exception counts:
OutOfMemoryError java_heap_errors=5

heap address: 0x0000000081e00000, size: 2018 MB, Compressed Oops mode: 32-bit
Narrow klass base: 0x0000000000000000, Narrow klass shift: 3
Compressed class space size: 1073741824 Address: 0x0000000100000000

Heap:
 PSYoungGen      total 272896K, used 179341K [0x00000000d5f80000, 0x00000000eb300000, 0x0000000100000000)
  eden space 263680K, 64% used [0x00000000d5f80000,0x00000000e05a5da0,0x00000000e6100000)
  from space 9216K, 99% used [0x00000000eaa00000,0x00000000eb2fda08,0x00000000eb300000)
  to   space 9216K, 0% used [0x00000000e6100000,0x00000000e6100000,0x00000000e6a00000)
 ParOldGen       total 59904K, used 8622K [0x0000000081e00000, 0x0000000085880000, 0x00000000d5f80000)
  object space 59904K, 14% used [0x0000000081e00000,0x000000008266bbf0,0x0000000085880000)
 Metaspace       used 31995K, capacity 33146K, committed 33408K, reserved 1079296K
  class space    used 4159K, capacity 4401K, committed 4480K, reserved 1048576K

Card table byte_map: [0x0000000012220000,0x0000000012620000] byte_map_base: 0x0000000011e11000

Marking Bits: (ParMarkBitMap*) 0x00000000761d4ce0
 Begin Bits: [0x0000000012cd0000, 0x0000000014c58000)
 End Bits:   [0x0000000014c58000, 0x0000000016be0000)

Polling page: 0x0000000000b70000

CodeCache: size=245760Kb used=13534Kb max_used=13534Kb free=232225Kb
 bounds [0x0000000002e60000, 0x0000000003ba0000, 0x0000000011e60000]
 total_blobs=4079 nmethods=3668 adapters=323
 compilation: enabled

Compilation events (10 events):
Event: 10.271 Thread 0x00000000179a3800 3758       3       org.springframework.cglib.core.ClassEmitter::setTarget (32 bytes)
Event: 10.271 Thread 0x00000000179a3800 nmethod 3758 0x0000000003b923d0 code [0x0000000003b92540, 0x0000000003b92870]
Event: 10.271 Thread 0x00000000179a3800 3759       3       org.springframework.cglib.core.ClassEmitter::begin_class (110 bytes)
Event: 10.273 Thread 0x00000000179a3800 nmethod 3759 0x0000000003b929d0 code [0x0000000003b92cc0, 0x0000000003b94268]
Event: 10.273 Thread 0x00000000179a3800 3760       3       org.springframework.asm.ClassVisitor::visitSource (17 bytes)
Event: 10.273 Thread 0x00000000179a3800 nmethod 3760 0x0000000003b94e10 code [0x0000000003b94f80, 0x0000000003b951e8]
Event: 10.274 Thread 0x00000000179a3800 3761       3       org.springframework.cglib.core.AbstractClassGenerator::getClassLoader (53 bytes)
Event: 10.276 Thread 0x00000000179a3800 nmethod 3761 0x0000000003b952d0 code [0x0000000003b95580, 0x0000000003b96b98]
Event: 10.280 Thread 0x00000000179a3800 3762       3       org.springframework.cglib.core.ClassEmitter::end_class (82 bytes)
Event: 10.281 Thread 0x00000000179a3800 nmethod 3762 0x0000000003b97590 code [0x0000000003b977c0, 0x0000000003b98478]

GC Heap History (10 events):
Event: 3.807 GC heap before
{Heap before GC invocations=7 (full 0):
 PSYoungGen      total 270336K, used 38791K [0x00000000d5f80000, 0x00000000e7580000, 0x0000000100000000)
  eden space 263680K, 12% used [0x00000000d5f80000,0x00000000d7ee6f28,0x00000000e6100000)
  from space 6656K, 99% used [0x00000000e6a00000,0x00000000e707ae60,0x00000000e7080000)
  to   space 9216K, 0% used [0x00000000e6100000,0x00000000e6100000,0x00000000e6a00000)
 ParOldGen       total 87552K, used 3926K [0x0000000081e00000, 0x0000000087380000, 0x00000000d5f80000)
  object space 87552K, 4% used [0x0000000081e00000,0x00000000821d58d0,0x0000000087380000)
 Metaspace       used 20551K, capacity 21132K, committed 21248K, reserved 1067008K
  class space    used 2602K, capacity 2760K, committed 2816K, reserved 1048576K
Event: 3.817 GC heap after
Heap after GC invocations=7 (full 0):
 PSYoungGen      total 272896K, used 5925K [0x00000000d5f80000, 0x00000000e7580000, 0x0000000100000000)
  eden space 263680K, 0% used [0x00000000d5f80000,0x00000000d5f80000,0x00000000e6100000)
  from space 9216K, 64% used [0x00000000e6100000,0x00000000e66c94b8,0x00000000e6a00000)
  to   space 6656K, 0% used [0x00000000e6a00000,0x00000000e6a00000,0x00000000e7080000)
 ParOldGen       total 87552K, used 6236K [0x0000000081e00000, 0x0000000087380000, 0x00000000d5f80000)
  object space 87552K, 7% used [0x0000000081e00000,0x0000000082417108,0x0000000087380000)
 Metaspace       used 20551K, capacity 21132K, committed 21248K, reserved 1067008K
  class space    used 2602K, capacity 2760K, committed 2816K, reserved 1048576K
}
Event: 3.817 GC heap before
{Heap before GC invocations=8 (full 1):
 PSYoungGen      total 272896K, used 5925K [0x00000000d5f80000, 0x00000000e7580000, 0x0000000100000000)
  eden space 263680K, 0% used [0x00000000d5f80000,0x00000000d5f80000,0x00000000e6100000)
  from space 9216K, 64% used [0x00000000e6100000,0x00000000e66c94b8,0x00000000e6a00000)
  to   space 6656K, 0% used [0x00000000e6a00000,0x00000000e6a00000,0x00000000e7080000)
 ParOldGen       total 87552K, used 6236K [0x0000000081e00000, 0x0000000087380000, 0x00000000d5f80000)
  object space 87552K, 7% used [0x0000000081e00000,0x0000000082417108,0x0000000087380000)
 Metaspace       used 20551K, capacity 21132K, committed 21248K, reserved 1067008K
  class space    used 2602K, capacity 2760K, committed 2816K, reserved 1048576K
Event: 3.866 GC heap after
Heap after GC invocations=8 (full 1):
 PSYoungGen      total 272896K, used 0K [0x00000000d5f80000, 0x00000000e7580000, 0x0000000100000000)
  eden space 263680K, 0% used [0x00000000d5f80000,0x00000000d5f80000,0x00000000e6100000)
  from space 9216K, 0% used [0x00000000e6100000,0x00000000e6100000,0x00000000e6a00000)
  to   space 6656K, 0% used [0x00000000e6a00000,0x00000000e6a00000,0x00000000e7080000)
 ParOldGen       total 59904K, used 7960K [0x0000000081e00000, 0x0000000085880000, 0x00000000d5f80000)
  object space 59904K, 13% used [0x0000000081e00000,0x00000000825c60c0,0x0000000085880000)
 Metaspace       used 20551K, capacity 21132K, committed 21248K, reserved 1067008K
  class space    used 2602K, capacity 2760K, committed 2816K, reserved 1048576K
}
Event: 5.657 GC heap before
{Heap before GC invocations=9 (full 1):
 PSYoungGen      total 272896K, used 263680K [0x00000000d5f80000, 0x00000000e7580000, 0x0000000100000000)
  eden space 263680K, 100% used [0x00000000d5f80000,0x00000000e6100000,0x00000000e6100000)
  from space 9216K, 0% used [0x00000000e6100000,0x00000000e6100000,0x00000000e6a00000)
  to   space 6656K, 0% used [0x00000000e6a00000,0x00000000e6a00000,0x00000000e7080000)
 ParOldGen       total 59904K, used 7960K [0x0000000081e00000, 0x0000000085880000, 0x00000000d5f80000)
  object space 59904K, 13% used [0x0000000081e00000,0x00000000825c60c0,0x0000000085880000)
 Metaspace       used 25041K, capacity 25918K, committed 25984K, reserved 1071104K
  class space    used 3251K, capacity 3443K, committed 3456K, reserved 1048576K
Event: 6.160 GC heap after
Heap after GC invocations=9 (full 1):
 PSYoungGen      total 270336K, used 6389K [0x00000000d5f80000, 0x00000000e7580000, 0x0000000100000000)
  eden space 263680K, 0% used [0x00000000d5f80000,0x00000000d5f80000,0x00000000e6100000)
  from space 6656K, 95% used [0x00000000e6a00000,0x00000000e703d5d0,0x00000000e7080000)
  to   space 9216K, 0% used [0x00000000e6100000,0x00000000e6100000,0x00000000e6a00000)
 ParOldGen       total 59904K, used 7968K [0x0000000081e00000, 0x0000000085880000, 0x00000000d5f80000)
  object space 59904K, 13% used [0x0000000081e00000,0x00000000825c80c0,0x0000000085880000)
 Metaspace       used 25041K, capacity 25918K, committed 25984K, reserved 1071104K
  class space    used 3251K, capacity 3443K, committed 3456K, reserved 1048576K
}
Event: 7.739 GC heap before
{Heap before GC invocations=10 (full 1):
 PSYoungGen      total 270336K, used 270069K [0x00000000d5f80000, 0x00000000e7580000, 0x0000000100000000)
  eden space 263680K, 100% used [0x00000000d5f80000,0x00000000e6100000,0x00000000e6100000)
  from space 6656K, 95% used [0x00000000e6a00000,0x00000000e703d5d0,0x00000000e7080000)
  to   space 9216K, 0% used [0x00000000e6100000,0x00000000e6100000,0x00000000e6a00000)
 ParOldGen       total 59904K, used 7968K [0x0000000081e00000, 0x0000000085880000, 0x00000000d5f80000)
  object space 59904K, 13% used [0x0000000081e00000,0x00000000825c80c0,0x0000000085880000)
 Metaspace       used 27112K, capacity 28084K, committed 28416K, reserved 1073152K
  class space    used 3540K, capacity 3748K, committed 3840K, reserved 1048576K
Event: 7.745 GC heap after
Heap after GC invocations=10 (full 1):
 PSYoungGen      total 272896K, used 6259K [0x00000000d5f80000, 0x00000000eb300000, 0x0000000100000000)
  eden space 263680K, 0% used [0x00000000d5f80000,0x00000000d5f80000,0x00000000e6100000)
  from space 9216K, 67% used [0x00000000e6100000,0x00000000e671cee8,0x00000000e6a00000)
  to   space 9216K, 0% used [0x00000000eaa00000,0x00000000eaa00000,0x00000000eb300000)
 ParOldGen       total 59904K, used 7976K [0x0000000081e00000, 0x0000000085880000, 0x00000000d5f80000)
  object space 59904K, 13% used [0x0000000081e00000,0x00000000825ca0c0,0x0000000085880000)
 Metaspace       used 27112K, capacity 28084K, committed 28416K, reserved 1073152K
  class space    used 3540K, capacity 3748K, committed 3840K, reserved 1048576K
}
Event: 8.712 GC heap before
{Heap before GC invocations=11 (full 1):
 PSYoungGen      total 272896K, used 269939K [0x00000000d5f80000, 0x00000000eb300000, 0x0000000100000000)
  eden space 263680K, 100% used [0x00000000d5f80000,0x00000000e6100000,0x00000000e6100000)
  from space 9216K, 67% used [0x00000000e6100000,0x00000000e671cee8,0x00000000e6a00000)
  to   space 9216K, 0% used [0x00000000eaa00000,0x00000000eaa00000,0x00000000eb300000)
 ParOldGen       total 59904K, used 7976K [0x0000000081e00000, 0x0000000085880000, 0x00000000d5f80000)
  object space 59904K, 13% used [0x0000000081e00000,0x00000000825ca0c0,0x0000000085880000)
 Metaspace       used 28908K, capacity 29976K, committed 30208K, reserved 1075200K
  class space    used 3755K, capacity 3992K, committed 4096K, reserved 1048576K
Event: 8.732 GC heap after
Heap after GC invocations=11 (full 1):
 PSYoungGen      total 272896K, used 9206K [0x00000000d5f80000, 0x00000000eb300000, 0x0000000100000000)
  eden space 263680K, 0% used [0x00000000d5f80000,0x00000000d5f80000,0x00000000e6100000)
  from space 9216K, 99% used [0x00000000eaa00000,0x00000000eb2fda08,0x00000000eb300000)
  to   space 9216K, 0% used [0x00000000e6100000,0x00000000e6100000,0x00000000e6a00000)
 ParOldGen       total 59904K, used 8622K [0x0000000081e00000, 0x0000000085880000, 0x00000000d5f80000)
  object space 59904K, 14% used [0x0000000081e00000,0x000000008266bbf0,0x0000000085880000)
 Metaspace       used 28908K, capacity 29976K, committed 30208K, reserved 1075200K
  class space    used 3755K, capacity 3992K, committed 4096K, reserved 1048576K
}

Deoptimization events (10 events):
Event: 7.864 Thread 0x0000000002d5e000 Uncommon trap: reason=array_check action=maybe_recompile pc=0x000000000305c5c0 method=java.util.AbstractCollection.toArray([Ljava/lang/Object;)[Ljava/lang/Object; @ 119
Event: 7.864 Thread 0x0000000002d5e000 Uncommon trap: reason=array_check action=maybe_recompile pc=0x000000000305c5c0 method=java.util.AbstractCollection.toArray([Ljava/lang/Object;)[Ljava/lang/Object; @ 119
Event: 7.864 Thread 0x0000000002d5e000 Uncommon trap: reason=array_check action=maybe_recompile pc=0x000000000305c5c0 method=java.util.AbstractCollection.toArray([Ljava/lang/Object;)[Ljava/lang/Object; @ 119
Event: 8.676 Thread 0x0000000002d5e000 Uncommon trap: reason=class_check action=maybe_recompile pc=0x00000000035f5374 method=java.util.zip.InflaterInputStream.read([BII)I @ 100
Event: 8.746 Thread 0x0000000002d5e000 Uncommon trap: reason=bimorphic action=maybe_recompile pc=0x000000000397ffa4 method=org.springframework.util.StringUtils.collectionToDelimitedString(Ljava/util/Collection;Ljava/lang/String;Ljava/lang/String;Ljava/lang/String;)Ljava/lang/String; @ 20
Event: 8.819 Thread 0x0000000002d5e000 Uncommon trap: reason=bimorphic action=maybe_recompile pc=0x000000000397ffa4 method=org.springframework.util.StringUtils.collectionToDelimitedString(Ljava/util/Collection;Ljava/lang/String;Ljava/lang/String;Ljava/lang/String;)Ljava/lang/String; @ 20
Event: 8.892 Thread 0x0000000002d5e000 Uncommon trap: reason=bimorphic action=maybe_recompile pc=0x000000000397ffa4 method=org.springframework.util.StringUtils.collectionToDelimitedString(Ljava/util/Collection;Ljava/lang/String;Ljava/lang/String;Ljava/lang/String;)Ljava/lang/String; @ 20
Event: 8.893 Thread 0x0000000002d5e000 Uncommon trap: reason=bimorphic action=maybe_recompile pc=0x000000000397ffa4 method=org.springframework.util.StringUtils.collectionToDelimitedString(Ljava/util/Collection;Ljava/lang/String;Ljava/lang/String;Ljava/lang/String;)Ljava/lang/String; @ 20
Event: 9.519 Thread 0x0000000002d5e000 Uncommon trap: reason=unstable_if action=reinterpret pc=0x00000000038ddf9c method=java.util.LinkedList.node(I)Ljava/util/LinkedList$Node; @ 49
Event: 10.029 Thread 0x0000000002d5e000 Uncommon trap: reason=range_check action=make_not_entrant pc=0x0000000003b5f348 method=java.lang.String.charAt(I)C @ 27

Classes redefined (0 events):
No events

Internal exceptions (10 events):
Event: 6.397 Thread 0x0000000002d5e000 Exception <a 'java/lang/ClassNotFoundException': org/springframework/context/ApplicationListenerCustomizer> (0x00000000dc3c4330) thrown at [C:\re\workspace\8-2-build-windows-amd64-cygwin\jdk8u201\12322\hotspot\src\share\vm\classfile\systemDictionary.cpp, 
Event: 7.617 Thread 0x0000000002d5e000 Exception <a 'java/lang/NoClassDefFoundError': org/springframework/jdbc/CannotGetJdbcConnectionException> (0x00000000e1fdcb18) thrown at [C:\re\workspace\8-2-build-windows-amd64-cygwin\jdk8u201\12322\hotspot\src\share\vm\classfile\systemDictionary.cpp, li
Event: 7.659 Thread 0x0000000002d5e000 Exception <a 'java/lang/ClassNotFoundException': java/lang/ObjectCustomizer> (0x00000000e29b06c8) thrown at [C:\re\workspace\8-2-build-windows-amd64-cygwin\jdk8u201\12322\hotspot\src\share\vm\classfile\systemDictionary.cpp, line 210]
Event: 7.660 Thread 0x0000000002d5e000 Exception <a 'java/lang/ClassNotFoundException': org/springframework/context/annotation/ConfigurationClassPostProcessorCustomizer> (0x00000000e2a7dad8) thrown at [C:\re\workspace\8-2-build-windows-amd64-cygwin\jdk8u201\12322\hotspot\src\share\vm\classfile
Event: 7.662 Thread 0x0000000002d5e000 Exception <a 'java/lang/ClassNotFoundException': org/springframework/beans/factory/support/BeanDefinitionRegistryPostProcessorCustomizer> (0x00000000e2b61308) thrown at [C:\re\workspace\8-2-build-windows-amd64-cygwin\jdk8u201\12322\hotspot\src\share\vm\cl
Event: 7.662 Thread 0x0000000002d5e000 Exception <a 'java/lang/ClassNotFoundException': org/springframework/core/PriorityOrderedCustomizer> (0x00000000e2c0cae8) thrown at [C:\re\workspace\8-2-build-windows-amd64-cygwin\jdk8u201\12322\hotspot\src\share\vm\classfile\systemDictionary.cpp, line 21
Event: 7.663 Thread 0x0000000002d5e000 Exception <a 'java/lang/ClassNotFoundException': org/springframework/context/ResourceLoaderAwareCustomizer> (0x00000000e2cbee30) thrown at [C:\re\workspace\8-2-build-windows-amd64-cygwin\jdk8u201\12322\hotspot\src\share\vm\classfile\systemDictionary.cpp, 
Event: 7.663 Thread 0x0000000002d5e000 Exception <a 'java/lang/ClassNotFoundException': org/springframework/beans/factory/BeanClassLoaderAwareCustomizer> (0x00000000e2d796a8) thrown at [C:\re\workspace\8-2-build-windows-amd64-cygwin\jdk8u201\12322\hotspot\src\share\vm\classfile\systemDictionar
Event: 7.664 Thread 0x0000000002d5e000 Exception <a 'java/lang/ClassNotFoundException': org/springframework/context/EnvironmentAwareCustomizer> (0x00000000e2e29160) thrown at [C:\re\workspace\8-2-build-windows-amd64-cygwin\jdk8u201\12322\hotspot\src\share\vm\classfile\systemDictionary.cpp, lin
Event: 7.693 Thread 0x000000001cf0a000 Implicit null exception at 0x00000000036ec6ab to 0x00000000036ed471

Events (10 events):
Event: 10.329 loading class com/fasterxml/jackson/databind/ObjectReader
Event: 10.329 loading class com/fasterxml/jackson/databind/ObjectReader done
Event: 10.329 loading class com/netflix/discovery/converters/EurekaJacksonCodec
Event: 10.329 loading class com/netflix/discovery/converters/EurekaJacksonCodec done
Event: 10.329 loading class com/fasterxml/jackson/databind/ObjectReader
Event: 10.329 loading class com/fasterxml/jackson/databind/ObjectReader done
Event: 10.329 loading class com/netflix/discovery/converters/EurekaJacksonCodec
Event: 10.329 loading class com/netflix/discovery/converters/EurekaJacksonCodec done
Event: 10.329 loading class com/fasterxml/jackson/databind/ObjectWriter
Event: 10.329 loading class com/fasterxml/jackson/databind/ObjectWriter done


Dynamic libraries:
0x00007ff7b3480000 - 0x00007ff7b34b7000 	C:\Program Files (x86)\Common Files\Oracle\Java\javapath\java.exe
0x00007ffeadea0000 - 0x00007ffeae090000 	C:\WINDOWS\SYSTEM32\ntdll.dll
0x00007ffeac6c0000 - 0x00007ffeac772000 	C:\WINDOWS\System32\KERNEL32.DLL
0x00007ffeab020000 - 0x00007ffeab2c5000 	C:\WINDOWS\System32\KERNELBASE.dll
0x00007ffeac460000 - 0x00007ffeac503000 	C:\WINDOWS\System32\ADVAPI32.dll
0x00007ffead570000 - 0x00007ffead60e000 	C:\WINDOWS\System32\msvcrt.dll
0x00007ffeacb00000 - 0x00007ffeacb97000 	C:\WINDOWS\System32\sechost.dll
0x00007ffeadbb0000 - 0x00007ffeadccf000 	C:\WINDOWS\System32\RPCRT4.dll
0x00007ffeac2c0000 - 0x00007ffeac454000 	C:\WINDOWS\System32\USER32.dll
0x00007ffeaaf70000 - 0x00007ffeaaf91000 	C:\WINDOWS\System32\win32u.dll
0x00007ffead540000 - 0x00007ffead566000 	C:\WINDOWS\System32\GDI32.dll
0x00007ffeabdb0000 - 0x00007ffeabf48000 	C:\WINDOWS\System32\gdi32full.dll
0x00007ffeab4e0000 - 0x00007ffeab57e000 	C:\WINDOWS\System32\msvcp_win.dll
0x00007ffeab380000 - 0x00007ffeab47a000 	C:\WINDOWS\System32\ucrtbase.dll
0x00007ffe959f0000 - 0x00007ffe95c74000 	C:\WINDOWS\WinSxS\amd64_microsoft.windows.common-controls_6595b64144ccf1df_6.0.18362.1316_none_9e7a364fe461dbd7\COMCTL32.dll
0x00007ffeac7b0000 - 0x00007ffeacae7000 	C:\WINDOWS\System32\combase.dll
0x00007ffeabd20000 - 0x00007ffeabda1000 	C:\WINDOWS\System32\bcryptPrimitives.dll
0x00007ffeac510000 - 0x00007ffeac53e000 	C:\WINDOWS\System32\IMM32.DLL
0x0000000076820000 - 0x00000000768f1000 	C:\Program Files\Java\jre1.8.0_201\bin\msvcr100.dll
0x00000000759b0000 - 0x0000000076254000 	C:\Program Files\Java\jre1.8.0_201\bin\server\jvm.dll
0x00007ffeace40000 - 0x00007ffeace48000 	C:\WINDOWS\System32\PSAPI.DLL
0x00007ffea7300000 - 0x00007ffea7309000 	C:\WINDOWS\SYSTEM32\WSOCK32.dll
0x00007ffeacce0000 - 0x00007ffeacd4f000 	C:\WINDOWS\System32\WS2_32.dll
0x00007ffea8b40000 - 0x00007ffea8b64000 	C:\WINDOWS\SYSTEM32\WINMM.dll
0x00007ffeaa8c0000 - 0x00007ffeaa8ca000 	C:\WINDOWS\SYSTEM32\VERSION.dll
0x00007ffea8b10000 - 0x00007ffea8b3d000 	C:\WINDOWS\SYSTEM32\winmmbase.dll
0x00007ffeaafd0000 - 0x00007ffeab01a000 	C:\WINDOWS\System32\cfgmgr32.dll
0x00007ffea5760000 - 0x00007ffea576f000 	C:\Program Files\Java\jre1.8.0_201\bin\verify.dll
0x00007ffea5700000 - 0x00007ffea5729000 	C:\Program Files\Java\jre1.8.0_201\bin\java.dll
0x00007ffea56e0000 - 0x00007ffea56f6000 	C:\Program Files\Java\jre1.8.0_201\bin\zip.dll
0x00007ffeace50000 - 0x00007ffead538000 	C:\WINDOWS\System32\SHELL32.dll
0x00007ffeac540000 - 0x00007ffeac5e7000 	C:\WINDOWS\System32\shcore.dll
0x00007ffeab5a0000 - 0x00007ffeabd1b000 	C:\WINDOWS\System32\windows.storage.dll
0x00007ffeaad80000 - 0x00007ffeaada3000 	C:\WINDOWS\System32\profapi.dll
0x00007ffeaadd0000 - 0x00007ffeaae1a000 	C:\WINDOWS\System32\powrprof.dll
0x00007ffeaad50000 - 0x00007ffeaad60000 	C:\WINDOWS\System32\UMPDC.dll
0x00007ffeac260000 - 0x00007ffeac2b2000 	C:\WINDOWS\System32\shlwapi.dll
0x00007ffeaadb0000 - 0x00007ffeaadc1000 	C:\WINDOWS\System32\kernel.appcore.dll
0x00007ffeab580000 - 0x00007ffeab597000 	C:\WINDOWS\System32\cryptsp.dll
0x00007ffe92e20000 - 0x00007ffe92e3a000 	C:\Program Files\Java\jre1.8.0_201\bin\net.dll
0x00007ffe99c40000 - 0x00007ffe99e16000 	C:\WINDOWS\SYSTEM32\urlmon.dll
0x00007ffe9efa0000 - 0x00007ffe9f247000 	C:\WINDOWS\SYSTEM32\iertutil.dll
0x00007ffeaa690000 - 0x00007ffeaa69c000 	C:\WINDOWS\SYSTEM32\CRYPTBASE.DLL
0x00007ffeaa4c0000 - 0x00007ffeaa527000 	C:\WINDOWS\system32\mswsock.dll
0x00007ffeaa1d0000 - 0x00007ffeaa20a000 	C:\WINDOWS\SYSTEM32\IPHLPAPI.DLL
0x00007ffeac7a0000 - 0x00007ffeac7a8000 	C:\WINDOWS\System32\NSI.dll
0x00007ffea3380000 - 0x00007ffea3396000 	C:\WINDOWS\SYSTEM32\dhcpcsvc6.DLL
0x00007ffea3330000 - 0x00007ffea334c000 	C:\WINDOWS\SYSTEM32\dhcpcsvc.DLL
0x00007ffeaa210000 - 0x00007ffeaa2db000 	C:\WINDOWS\SYSTEM32\DNSAPI.dll
0x00007ffea2830000 - 0x00007ffea283d000 	C:\Program Files\Java\jre1.8.0_201\bin\management.dll
0x00007ffe86940000 - 0x00007ffe86951000 	C:\Program Files\Java\jre1.8.0_201\bin\nio.dll
0x00007ffe986a0000 - 0x00007ffe986cd000 	C:\Program Files (x86)\Sangfor\SSL\ClientComponent4\SangforNspX64.dll
0x00007ffeabf50000 - 0x00007ffeac0a7000 	C:\WINDOWS\System32\ole32.dll
0x00007ffead610000 - 0x00007ffead6d5000 	C:\WINDOWS\System32\OLEAUT32.dll
0x00007ffe82020000 - 0x00007ffe8219a000 	C:\Program Files (x86)\Sangfor\SSL\ClientComponent4\SangforTcpX64.dll
0x00007ffeab480000 - 0x00007ffeab4dc000 	C:\WINDOWS\System32\WINTRUST.dll
0x00007ffeaad60000 - 0x00007ffeaad72000 	C:\WINDOWS\System32\MSASN1.dll
0x00007ffeaae20000 - 0x00007ffeaaf6a000 	C:\WINDOWS\System32\CRYPT32.dll
0x00007ffe9ce40000 - 0x00007ffe9ce4a000 	C:\Windows\System32\rasadhlp.dll
0x00007ffea6b00000 - 0x00007ffea6b16000 	C:\WINDOWS\system32\napinsp.dll
0x00007ffea6ae0000 - 0x00007ffea6afa000 	C:\WINDOWS\system32\pnrpnsp.dll
0x00007ffea6ad0000 - 0x00007ffea6ade000 	C:\WINDOWS\System32\winrnr.dll
0x00007ffea5290000 - 0x00007ffea52ac000 	C:\WINDOWS\system32\NLAapi.dll
0x00007ffea67c0000 - 0x00007ffea67d5000 	C:\WINDOWS\system32\wshbth.dll
0x00007ffea1f80000 - 0x00007ffea1ff7000 	C:\WINDOWS\System32\fwpuclnt.dll
0x00007ffeaafa0000 - 0x00007ffeaafc6000 	C:\WINDOWS\System32\bcrypt.dll

VM Arguments:
java_command: ad-eureka-1.0-SNAPSHOT.jar --spring.profiles.active=server2
java_class_path (initial): ad-eureka-1.0-SNAPSHOT.jar
Launcher Type: SUN_STANDARD

Environment Variables:
JAVA_HOME=C:\Program Files\Java\jdk1.8.0_201
CLASSPATH=.;C:\Program Files\Java\jdk1.8.0_201\lib;C:\Program Files\Java\jdk1.8.0_201lib\tools.jar
PATH=C:\Program Files (x86)\Common Files\Oracle\Java\javapath;C:\Program Files\Java\jdk1.8.0_201\bin;C:\WINDOWS\system32;C:\WINDOWS;C:\WINDOWS\System32\Wbem;C:\WINDOWS\System32\WindowsPowerShell\v1.0\;C:\WINDOWS\System32\OpenSSH\;C:\Program Files (x86)\Microsoft SQL Server\100\Tools\Binn\;C:\Program Files\Microsoft SQL Server\100\Tools\Binn\;C:\Program Files\Microsoft SQL Server\100\DTS\Binn\;C:\Program Files (x86)\Microsoft SQL Server\100\Tools\Binn\VSShell\Common7\IDE\;C:\Program Files (x86)\Microsoft Visual Studio 9.0\Common7\IDE\PrivateAssemblies\;C:\Program Files (x86)\Microsoft SQL Server\100\DTS\Binn\;C:\apache-tomcat-8.5.30\bin;C:\Program Files\MySQL\MySQL Server 5.5\bin;D:\apache-maven-3.6.3\bin;C:\Program Files\Git\cmd;D:\svn\bin;C:\Users\郭久森\AppData\Local\Microsoft\WindowsApps;C:\apache-maven-3.6.3\bin;
USERNAME=郭久森
OS=Windows_NT
PROCESSOR_IDENTIFIER=Intel64 Family 6 Model 142 Stepping 9, GenuineIntel



---------------  S Y S T E M  ---------------

OS: Windows 10.0 , 64 bit Build 18362 (10.0.18362.1316)

CPU:total 4 (initial active 4) (2 cores per cpu, 2 threads per core) family 6 model 142 stepping 9, cmov, cx8, fxsr, mmx, sse, sse2, sse3, ssse3, sse4.1, sse4.2, popcnt, avx, avx2, aes, clmul, erms, 3dnowpref, lzcnt, ht, tsc, tscinvbit, bmi1, bmi2, adx

Memory: 4k page, physical 8260324k(542464k free), swap 14551780k(4516k free)

vm_info: Java HotSpot(TM) 64-Bit Server VM (25.201-b09) for windows-amd64 JRE (1.8.0_201-b09), built on Dec 15 2018 18:36:39 by "java_re" with MS VC++ 10.0 (VS2010)

time: Sun Jan 31 01:56:48 2021
timezone: 中国标准时间
elapsed time: 10 seconds (0d 0h 0m 10s)

